Build started 2020/2/26 19:20:08.
     1>Project "C:\Users\Administrator\Desktop\oprator\动态\my\MazeV1.0\Maze\Maze.vcxproj" on node 2 (build target(s)).
     1>InitializeBuildStatus:
         Creating "Release\Maze.unsuccessfulbuild" because "AlwaysCreate" was specified.
       ClCompile:
         D:\VC2010\VC\bin\CL.exe /c /Zi /nologo /W3 /WX- /O2 /Oi /Oy- /GL /D WIN32 /D NDEBUG /D _CONSOLE /D _UNICODE /D UNICODE /Gm- /EHsc /MD /GS /Gy /fp:precise /Zc:wchar_t /Zc:forScope /Fo"Release\\" /Fd"Release\vc100.pdb" /Gd /TP /analyze- /errorReport:prompt Adventrue.cpp
         Adventrue.cpp
       Link:
         D:\VC2010\VC\bin\link.exe /ERRORREPORT:PROMPT /OUT:"C:\Users\Administrator\Desktop\oprator\动态\my\MazeV1.0\Release\Maze.exe" /INCREMENTAL:NO /NOLOGO kernel32.lib user32.lib gdi32.lib winspool.lib comdlg32.lib advapi32.lib shell32.lib ole32.lib oleaut32.lib uuid.lib odbc32.lib odbccp32.lib /MANIFEST /ManifestFile:"Release\Maze.exe.intermediate.manifest" /MANIFESTUAC:"level='asInvoker' uiAccess='false'" /DEBUG /PDB:"C:\Users\Administrator\Desktop\oprator\动态\my\MazeV1.0\Release\Maze.pdb" /SUBSYSTEM:CONSOLE /OPT:REF /OPT:ICF /LTCG /TLBID:1 /DYNAMICBASE /NXCOMPAT /IMPLIB:"C:\Users\Administrator\Desktop\oprator\动态\my\MazeV1.0\Release\Maze.lib" /MACHINE:X86 Release\Adventrue.obj
         Release\Dungeon.obj
         Release\Forest.obj
         Release\Help.obj
         Release\Infernal.obj
         Release\Maze.obj
         Release\Other.obj
         Generating code
         Finished generating code
         Maze.vcxproj -> C:\Users\Administrator\Desktop\oprator\动态\my\MazeV1.0\Release\Maze.exe
       Manifest:
         C:\Program Files (x86)\Microsoft SDKs\Windows\v7.0A\bin\mt.exe /nologo /verbose /outputresource:"C:\Users\Administrator\Desktop\oprator\动态\my\MazeV1.0\Release\Maze.exe;#1" /manifest Release\Maze.exe.intermediate.manifest
       FinalizeBuildStatus:
         Deleting file "Release\Maze.unsuccessfulbuild".
         Touching "Release\Maze.lastbuildstate".
     1>Done Building Project "C:\Users\Administrator\Desktop\oprator\动态\my\MazeV1.0\Maze\Maze.vcxproj" (build target(s)).

Build succeeded.

Time Elapsed 00:00:01.03
