Build started 2020/2/26 19:20:16.
     1>Project "C:\Users\Administrator\Desktop\oprator\动态\my\MazeV1.0\Maze\Maze.vcxproj" on node 2 (build target(s)).
     1>InitializeBuildStatus:
         Creating "Debug\Maze.unsuccessfulbuild" because "AlwaysCreate" was specified.
       ClCompile:
         D:\VC2010\VC\bin\CL.exe /c /ZI /nologo /W3 /WX- /Od /Oy- /D WIN32 /D _DEBUG /D _CONSOLE /D _UNICODE /D UNICODE /Gm /EHsc /RTC1 /MDd /GS /fp:precise /Zc:wchar_t /Zc:forScope /Fo"Debug\\" /Fd"Debug\vc100.pdb" /Gd /TP /analyze- /errorReport:prompt Adventrue.cpp
         Adventrue.cpp
       ManifestResourceCompile:
         All outputs are up-to-date.
       Link:
         D:\VC2010\VC\bin\link.exe /ERRORREPORT:PROMPT /OUT:"C:\Users\Administrator\Desktop\oprator\动态\my\MazeV1.0\Debug\Maze.exe" /INCREMENTAL /NOLOGO kernel32.lib user32.lib gdi32.lib winspool.lib comdlg32.lib advapi32.lib shell32.lib ole32.lib oleaut32.lib uuid.lib odbc32.lib odbccp32.lib /MANIFEST /ManifestFile:"Debug\Maze.exe.intermediate.manifest" /MANIFESTUAC:"level='asInvoker' uiAccess='false'" /DEBUG /PDB:"C:\Users\Administrator\Desktop\oprator\动态\my\MazeV1.0\Debug\Maze.pdb" /SUBSYSTEM:CONSOLE /TLBID:1 /DYNAMICBASE /NXCOMPAT /IMPLIB:"C:\Users\Administrator\Desktop\oprator\动态\my\MazeV1.0\Debug\Maze.lib" /MACHINE:X86 Debug\Maze.exe.embed.manifest.res
         Debug\Adventrue.obj
         Debug\Dungeon.obj
         Debug\Forest.obj
         Debug\Help.obj
         Debug\Infernal.obj
         Debug\Maze.obj
         Debug\Other.obj
       Manifest:
         C:\Program Files (x86)\Microsoft SDKs\Windows\v7.0A\bin\mt.exe /nologo /verbose /out:"Debug\Maze.exe.embed.manifest" /manifest Debug\Maze.exe.intermediate.manifest
         All outputs are up-to-date.
       LinkEmbedManifest:
         All outputs are up-to-date.
         Maze.vcxproj -> C:\Users\Administrator\Desktop\oprator\动态\my\MazeV1.0\Debug\Maze.exe
       FinalizeBuildStatus:
         Deleting file "Debug\Maze.unsuccessfulbuild".
         Touching "Debug\Maze.lastbuildstate".
     1>Done Building Project "C:\Users\Administrator\Desktop\oprator\动态\my\MazeV1.0\Maze\Maze.vcxproj" (build target(s)).

Build succeeded.

Time Elapsed 00:00:01.21
